Pig Stack Trace
---------------
ERROR 2998: Unhandled internal error. java.io.IOException: Filesystem closed

java.lang.Error: java.io.IOException: Filesystem closed
	at org.apache.pig.backend.hadoop.executionengine.HJob$1.hasNext(HJob.java:122)
	at org.apache.pig.tools.grunt.GruntParser.processDump(GruntParser.java:746)
	at org.apache.pig.tools.pigscript.parser.PigScriptParser.parse(PigScriptParser.java:376)
	at org.apache.pig.tools.grunt.GruntParser.parseStopOnError(GruntParser.java:229)
	at org.apache.pig.tools.grunt.GruntParser.parseStopOnError(GruntParser.java:204)
	at org.apache.pig.tools.grunt.Grunt.run(Grunt.java:66)
	at org.apache.pig.Main.run(Main.java:564)
	at org.apache.pig.Main.main(Main.java:175)
	at sun.reflect.NativeMethodAccessorImpl.invoke0(Native Method)
	at sun.reflect.NativeMethodAccessorImpl.invoke(NativeMethodAccessorImpl.java:62)
	at sun.reflect.DelegatingMethodAccessorImpl.invoke(DelegatingMethodAccessorImpl.java:43)
	at java.lang.reflect.Method.invoke(Method.java:498)
	at org.apache.hadoop.util.RunJar.run(RunJar.java:233)
	at org.apache.hadoop.util.RunJar.main(RunJar.java:148)
Caused by: java.io.IOException: Filesystem closed
	at org.apache.hadoop.hdfs.DFSClient.checkOpen(DFSClient.java:826)
	at org.apache.hadoop.hdfs.DFSInputStream.readWithStrategy(DFSInputStream.java:874)
	at org.apache.hadoop.hdfs.DFSInputStream.read(DFSInputStream.java:945)
	at java.io.DataInputStream.read(DataInputStream.java:149)
	at java.io.BufferedInputStream.fill(BufferedInputStream.java:246)
	at java.io.BufferedInputStream.read(BufferedInputStream.java:265)
	at org.apache.pig.impl.io.BufferedPositionedInputStream.read(BufferedPositionedInputStream.java:52)
	at java.io.DataInputStream.readShort(DataInputStream.java:312)
	at org.apache.pig.data.BinInterSedes.readDatum(BinInterSedes.java:371)
	at org.apache.pig.data.BinInterSedes.readDatum(BinInterSedes.java:318)
	at org.apache.pig.data.utils.SedesHelper.readGenericTuple(SedesHelper.java:144)
	at org.apache.pig.data.BinInterSedes.readDatum(BinInterSedes.java:349)
	at org.apache.pig.impl.io.InterRecordReader.nextKeyValue(InterRecordReader.java:113)
	at org.apache.pig.impl.io.InterStorage.getNext(InterStorage.java:78)
	at org.apache.pig.impl.io.ReadToEndLoader.getNext(ReadToEndLoader.java:221)
	at org.apache.pig.backend.hadoop.executionengine.HJob$1.hasNext(HJob.java:115)
	... 13 more
================================================================================
