Pig Stack Trace
---------------
ERROR 2118: Input path does not exist: hdfs://dicvmd2.ie.cuhk.edu.hk:8020/gb_1a/googlebooks-eng-all-1gram-20120701-a

org.apache.pig.impl.logicalLayer.FrontendException: ERROR 1066: Unable to open iterator for alias bigram_a
	at org.apache.pig.PigServer.openIterator(PigServer.java:1019)
	at org.apache.pig.tools.grunt.GruntParser.processDump(GruntParser.java:745)
	at org.apache.pig.tools.pigscript.parser.PigScriptParser.parse(PigScriptParser.java:376)
	at org.apache.pig.tools.grunt.GruntParser.parseStopOnError(GruntParser.java:229)
	at org.apache.pig.tools.grunt.GruntParser.parseStopOnError(GruntParser.java:204)
	at org.apache.pig.tools.grunt.Grunt.run(Grunt.java:66)
	at org.apache.pig.Main.run(Main.java:564)
	at org.apache.pig.Main.main(Main.java:175)
	at sun.reflect.NativeMethodAccessorImpl.invoke0(Native Method)
	at sun.reflect.NativeMethodAccessorImpl.invoke(NativeMethodAccessorImpl.java:62)
	at sun.reflect.DelegatingMethodAccessorImpl.invoke(DelegatingMethodAccessorImpl.java:43)
	at java.lang.reflect.Method.invoke(Method.java:498)
	at org.apache.hadoop.util.RunJar.run(RunJar.java:233)
	at org.apache.hadoop.util.RunJar.main(RunJar.java:148)
Caused by: org.apache.pig.PigException: ERROR 1002: Unable to store alias bigram_a
	at org.apache.pig.PigServer.storeEx(PigServer.java:1122)
	at org.apache.pig.PigServer.store(PigServer.java:1081)
	at org.apache.pig.PigServer.openIterator(PigServer.java:994)
	... 13 more
Caused by: org.apache.pig.impl.plan.VisitorException: ERROR 0: org.apache.pig.backend.executionengine.ExecException: ERROR 2118: Input path does not exist: hdfs://dicvmd2.ie.cuhk.edu.hk:8020/gb_1a/googlebooks-eng-all-1gram-20120701-a
	at org.apache.pig.backend.hadoop.executionengine.tez.plan.optimizer.LoaderProcessor.visitTezOp(LoaderProcessor.java:185)
	at org.apache.pig.backend.hadoop.executionengine.tez.plan.TezOperator.visit(TezOperator.java:255)
	at org.apache.pig.backend.hadoop.executionengine.tez.plan.TezOperator.visit(TezOperator.java:56)
	at org.apache.pig.impl.plan.DependencyOrderWalker.walk(DependencyOrderWalker.java:87)
	at org.apache.pig.impl.plan.PlanVisitor.visit(PlanVisitor.java:46)
	at org.apache.pig.backend.hadoop.executionengine.tez.TezLauncher.processLoadAndParallelism(TezLauncher.java:500)
	at org.apache.pig.backend.hadoop.executionengine.tez.TezLauncher.launchPig(TezLauncher.java:186)
	at org.apache.pig.backend.hadoop.executionengine.HExecutionEngine.launchPig(HExecutionEngine.java:308)
	at org.apache.pig.PigServer.launchPlan(PigServer.java:1474)
	at org.apache.pig.PigServer.executeCompiledLogicalPlan(PigServer.java:1459)
	at org.apache.pig.PigServer.storeEx(PigServer.java:1118)
	... 15 more
Caused by: org.apache.pig.backend.executionengine.ExecException: ERROR 2118: Input path does not exist: hdfs://dicvmd2.ie.cuhk.edu.hk:8020/gb_1a/googlebooks-eng-all-1gram-20120701-a
	at org.apache.pig.backend.hadoop.executionengine.mapReduceLayer.PigInputFormat.getSplits(PigInputFormat.java:279)
	at org.apache.tez.mapreduce.hadoop.MRInputHelpers.generateNewSplits(MRInputHelpers.java:413)
	at org.apache.tez.mapreduce.hadoop.MRInputHelpers.generateInputSplitsToMem(MRInputHelpers.java:292)
	at org.apache.pig.backend.hadoop.executionengine.tez.plan.optimizer.LoaderProcessor.processLoads(LoaderProcessor.java:169)
	at org.apache.pig.backend.hadoop.executionengine.tez.plan.optimizer.LoaderProcessor.visitTezOp(LoaderProcessor.java:182)
	... 25 more
Caused by: org.apache.hadoop.mapreduce.lib.input.InvalidInputException: Input path does not exist: hdfs://dicvmd2.ie.cuhk.edu.hk:8020/gb_1a/googlebooks-eng-all-1gram-20120701-a
	at org.apache.hadoop.mapreduce.lib.input.FileInputFormat.singleThreadedListStatus(FileInputFormat.java:323)
	at org.apache.hadoop.mapreduce.lib.input.FileInputFormat.listStatus(FileInputFormat.java:265)
	at org.apache.pig.backend.hadoop.executionengine.mapReduceLayer.PigTextInputFormat.listStatus(PigTextInputFormat.java:36)
	at org.apache.hadoop.mapreduce.lib.input.FileInputFormat.getSplits(FileInputFormat.java:387)
	at org.apache.pig.backend.hadoop.executionengine.mapReduceLayer.PigInputFormat.getSplits(PigInputFormat.java:265)
	... 29 more
================================================================================
Pig Stack Trace
---------------
ERROR 2118: Input path does not exist: hdfs://dicvmd2.ie.cuhk.edu.hk:8020/bigram_1a/googlebooks-eng-all-1gram-20120701-a

org.apache.pig.impl.logicalLayer.FrontendException: ERROR 1066: Unable to open iterator for alias bigram_a
	at org.apache.pig.PigServer.openIterator(PigServer.java:1019)
	at org.apache.pig.tools.grunt.GruntParser.processDump(GruntParser.java:745)
	at org.apache.pig.tools.pigscript.parser.PigScriptParser.parse(PigScriptParser.java:376)
	at org.apache.pig.tools.grunt.GruntParser.parseStopOnError(GruntParser.java:229)
	at org.apache.pig.tools.grunt.GruntParser.parseStopOnError(GruntParser.java:204)
	at org.apache.pig.tools.grunt.Grunt.run(Grunt.java:66)
	at org.apache.pig.Main.run(Main.java:564)
	at org.apache.pig.Main.main(Main.java:175)
	at sun.reflect.NativeMethodAccessorImpl.invoke0(Native Method)
	at sun.reflect.NativeMethodAccessorImpl.invoke(NativeMethodAccessorImpl.java:62)
	at sun.reflect.DelegatingMethodAccessorImpl.invoke(DelegatingMethodAccessorImpl.java:43)
	at java.lang.reflect.Method.invoke(Method.java:498)
	at org.apache.hadoop.util.RunJar.run(RunJar.java:233)
	at org.apache.hadoop.util.RunJar.main(RunJar.java:148)
Caused by: org.apache.pig.PigException: ERROR 1002: Unable to store alias bigram_a
	at org.apache.pig.PigServer.storeEx(PigServer.java:1122)
	at org.apache.pig.PigServer.store(PigServer.java:1081)
	at org.apache.pig.PigServer.openIterator(PigServer.java:994)
	... 13 more
Caused by: org.apache.pig.impl.plan.VisitorException: ERROR 0: org.apache.pig.backend.executionengine.ExecException: ERROR 2118: Input path does not exist: hdfs://dicvmd2.ie.cuhk.edu.hk:8020/bigram_1a/googlebooks-eng-all-1gram-20120701-a
	at org.apache.pig.backend.hadoop.executionengine.tez.plan.optimizer.LoaderProcessor.visitTezOp(LoaderProcessor.java:185)
	at org.apache.pig.backend.hadoop.executionengine.tez.plan.TezOperator.visit(TezOperator.java:255)
	at org.apache.pig.backend.hadoop.executionengine.tez.plan.TezOperator.visit(TezOperator.java:56)
	at org.apache.pig.impl.plan.DependencyOrderWalker.walk(DependencyOrderWalker.java:87)
	at org.apache.pig.impl.plan.PlanVisitor.visit(PlanVisitor.java:46)
	at org.apache.pig.backend.hadoop.executionengine.tez.TezLauncher.processLoadAndParallelism(TezLauncher.java:500)
	at org.apache.pig.backend.hadoop.executionengine.tez.TezLauncher.launchPig(TezLauncher.java:186)
	at org.apache.pig.backend.hadoop.executionengine.HExecutionEngine.launchPig(HExecutionEngine.java:308)
	at org.apache.pig.PigServer.launchPlan(PigServer.java:1474)
	at org.apache.pig.PigServer.executeCompiledLogicalPlan(PigServer.java:1459)
	at org.apache.pig.PigServer.storeEx(PigServer.java:1118)
	... 15 more
Caused by: org.apache.pig.backend.executionengine.ExecException: ERROR 2118: Input path does not exist: hdfs://dicvmd2.ie.cuhk.edu.hk:8020/bigram_1a/googlebooks-eng-all-1gram-20120701-a
	at org.apache.pig.backend.hadoop.executionengine.mapReduceLayer.PigInputFormat.getSplits(PigInputFormat.java:279)
	at org.apache.tez.mapreduce.hadoop.MRInputHelpers.generateNewSplits(MRInputHelpers.java:413)
	at org.apache.tez.mapreduce.hadoop.MRInputHelpers.generateInputSplitsToMem(MRInputHelpers.java:292)
	at org.apache.pig.backend.hadoop.executionengine.tez.plan.optimizer.LoaderProcessor.processLoads(LoaderProcessor.java:169)
	at org.apache.pig.backend.hadoop.executionengine.tez.plan.optimizer.LoaderProcessor.visitTezOp(LoaderProcessor.java:182)
	... 25 more
Caused by: org.apache.hadoop.mapreduce.lib.input.InvalidInputException: Input path does not exist: hdfs://dicvmd2.ie.cuhk.edu.hk:8020/bigram_1a/googlebooks-eng-all-1gram-20120701-a
	at org.apache.hadoop.mapreduce.lib.input.FileInputFormat.singleThreadedListStatus(FileInputFormat.java:323)
	at org.apache.hadoop.mapreduce.lib.input.FileInputFormat.listStatus(FileInputFormat.java:265)
	at org.apache.pig.backend.hadoop.executionengine.mapReduceLayer.PigTextInputFormat.listStatus(PigTextInputFormat.java:36)
	at org.apache.hadoop.mapreduce.lib.input.FileInputFormat.getSplits(FileInputFormat.java:387)
	at org.apache.pig.backend.hadoop.executionengine.mapReduceLayer.PigInputFormat.getSplits(PigInputFormat.java:265)
	... 29 more
================================================================================
